SIMAN Run Controller.

30223.924 Minutes>SIMAN Run Controller.

75782.477 Minutes>
                                      ARENA Simulation Results
                                      Yo - License: 7328734345

                                  Summary for Replication 1 of 1

Project: Unnamed Project                                             Run execution date : 1/19/2022
Analyst: Rockwell Automation                                         Model revision date: 1/19/2022

Replication ended at time      : 75782.477 Minutes 
Base Time Units: Minutes

                                           TALLY VARIABLES

Identifier                                  Average   Half Width  Minimum    Maximum   Observations
___________________________________________________________________________________________________

TIEMPO EN EL SISTEMA                        7.5994     .20643     2.0117     26.000        903    
LP.VATime                                   24.275     .89983     .00000     90.000       1430    
LP.NVATime                                  .00000     .00000     .00000     .00000       1430    
LP.WaitTime                                 447.38     10.579     54.580     2084.7       1430    
LP.TranTime                                 .00000     .00000     .00000     .00000       1430    
LP.OtherTime                                .00000     .00000     .00000     .00000       1430    
LP.TotalTime                                102.73     2.3821     10.709     664.70       1430    
ETIQUETADORA SIMILARES.Queue.WaitingTime    .00000     .00000     .00000     .00000       1780    
ETIQUETADORA 2.Queue.WaitingTime            .00000     .00000     .00000     .00000       1198    
CAJAS DE 5 EN 5 E2 Y E3.Queue.WaitingTime   45.229     1.3321     .00000     256.76       3315    
UNICA ETIQUETADORA.Queue.WaitingTime        7.8164E-04 (Corr)     .00000     1.2013       1537    
INSPECCION.Queue.WaitingTime                .00323     .00660     .00000     4.0403       1251    
EMPAQUETADO.Queue.WaitingTime               6.7624     .01288     .00000     16.077      50460    
ETIQUETADORA 1.Queue.WaitingTime            .00000     (Insuf)    .00000     .00000          4    
CAJAS DE 5 EN 5 E1.Queue.WaitingTime        124.04     8.0815     .00000     634.69       1200    

                                     DISCRETE-CHANGE VARIABLES

Identifier                                  Average   Half Width  Minimum    Maximum   Final Value
___________________________________________________________________________________________________

LP.WIP                                      52.937     .86321     .00000     114.00     50.000    
ETIQUETADORASIMILARES.NumberBusy            .11771     .00471     .00000     2.0000     .00000    
ETIQUETADORASIMILARES.NumberScheduled       3.0000     (Insuf)    3.0000     3.0000     3.0000    
ETIQUETADORASIMILARES.Utilization           .03924     .00157     .00000     .66667     .00000    
INSPECTORPESO.NumberBusy                    .16508     .00852     .00000     1.0000     .00000    
INSPECTORPESO.NumberScheduled               1.0000     (Insuf)    1.0000     1.0000     1.0000    
INSPECTORPESO.Utilization                   .16508     .00852     .00000     1.0000     .00000    
ETIQUETADOR1.NumberBusy                     3.1670E-04 (Insuf)    .00000     1.0000     .00000    
ETIQUETADOR1.NumberScheduled                1.0000     (Insuf)    1.0000     1.0000     1.0000    
ETIQUETADOR1.Utilization                    3.1670E-04 (Insuf)    .00000     1.0000     .00000    
ETIQUETADOR2.NumberBusy                     .09485     .00494     .00000     1.0000     .00000    
ETIQUETADOR2.NumberScheduled                1.0000     (Insuf)    1.0000     1.0000     1.0000    
ETIQUETADOR2.Utilization                    .09485     .00494     .00000     1.0000     .00000    
ETIQUETADORASOLA.NumberBusy                 .08067     .00374     .00000     1.0000     .00000    
ETIQUETADORASOLA.NumberScheduled            1.0000     (Insuf)    1.0000     1.0000     1.0000    
ETIQUETADORASOLA.Utilization                .08067     .00374     .00000     1.0000     .00000    
ETIQUETADORA SIMILARES.Queue.NumberInQueue  .00000     (Insuf)    .00000     .00000     .00000    
ETIQUETADORA 2.Queue.NumberInQueue          .00000     (Insuf)    .00000     .00000     .00000    
CAJAS DE 5 EN 5 E2 Y E3.Queue.NumberInQueu  1.9790     .03317     .00000     5.0000     2.0000    
UNICA ETIQUETADORA.Queue.NumberInQueue      1.5853E-05 (Insuf)    .00000     1.0000     .00000    
INSPECCION.Queue.NumberInQueue              5.3315E-05 (Insuf)    .00000     1.0000     .00000    
EMPAQUETADO.Queue.NumberInQueue             4.5032     .00495     .00000     10.000     6.0000    
ETIQUETADORA 1.Queue.NumberInQueue          .00000     (Insuf)    .00000     .00000     .00000    
CAJAS DE 5 EN 5 E1.Queue.NumberInQueue      1.9653     .07380     .00000     5.0000     2.0000    

                                             OUTPUTS

Identifier                                   Value
_____________________________________________________________

LP.NumberIn                                 56415.    
LP.NumberOut                                56365.    
ETIQUETADORASIMILARES.NumberSeized          1780.0    
ETIQUETADORASIMILARES.ScheduledUtilization  .03924    
INSPECTORPESO.NumberSeized                  1251.0    
INSPECTORPESO.ScheduledUtilization          .16508    
ETIQUETADOR1.NumberSeized                   4.0000    
ETIQUETADOR1.ScheduledUtilization           3.1670E-04
ETIQUETADOR2.NumberSeized                   1198.0    
ETIQUETADOR2.ScheduledUtilization           .09485    
ETIQUETADORASOLA.NumberSeized               1537.0    
ETIQUETADORASOLA.ScheduledUtilization       .08067    
System.NumberOut                            1430.0    


Simulation run time: 1.17 minutes.
Simulation run complete.
